# JRE version: OpenJDK Runtime Environment (8.0_112-b13) (build 1.8.0_112-release-736-b13)
# Java VM: OpenJDK 64-Bit Server VM (25.112-b13 mixed mode windows-amd64 compressed oops)
Heap:
 PSYoungGen      total 200704K, used 65841K [0x00000000eab00000, 0x00000000f8600000, 0x0000000100000000)
  eden space 187392K, 29% used [0x00000000eab00000,0x00000000ee0e0aa8,0x00000000f6200000)
  from space 13312K, 80% used [0x00000000f7900000,0x00000000f836bce8,0x00000000f8600000)
  to   space 18432K, 0% used [0x00000000f6200000,0x00000000f6200000,0x00000000f7400000)
 ParOldGen       total 84992K, used 17986K [0x00000000c0000000, 0x00000000c5300000, 0x00000000eab00000)
  object space 84992K, 21% used [0x00000000c0000000,0x00000000c1190ba0,0x00000000c5300000)
 Metaspace       used 41054K, capacity 41936K, committed 42368K, reserved 1085440K
  class space    used 5342K, capacity 5639K, committed 5760K, reserved 1048576K
GC Heap History (10 events):
Event: 4.328 GC heap before
{Heap before GC invocations=8 (full 1):
 PSYoungGen      total 105984K, used 95328K [0x00000000eab00000, 0x00000000f1e00000, 0x0000000100000000)
  eden space 94208K, 100% used [0x00000000eab00000,0x00000000f0700000,0x00000000f0700000)
  from space 11776K, 9% used [0x00000000f1280000,0x00000000f1398030,0x00000000f1e00000)
  to   space 11776K, 0% used [0x00000000f0700000,0x00000000f0700000,0x00000000f1280000)
 ParOldGen       total 66048K, used 8549K [0x00000000c0000000, 0x00000000c4080000, 0x00000000eab00000)
  object space 66048K, 12% used [0x00000000c0000000,0x00000000c0859540,0x00000000c4080000)
 Metaspace       used 26796K, capacity 27544K, committed 27904K, reserved 1073152K
  class space    used 3533K, capacity 3775K, committed 3840K, reserved 1048576K
Event: 4.336 GC heap after
Heap after GC invocations=8 (full 1):
 PSYoungGen      total 105984K, used 11051K [0x00000000eab00000, 0x00000000f4700000, 0x0000000100000000)
  eden space 94208K, 0% used [0x00000000eab00000,0x00000000eab00000,0x00000000f0700000)
  from space 11776K, 93% used [0x00000000f0700000,0x00000000f11cad88,0x00000000f1280000)
  to   space 14336K, 0% used [0x00000000f3900000,0x00000000f3900000,0x00000000f4700000)
 ParOldGen       total 66048K, used 8557K [0x00000000c0000000, 0x00000000c4080000, 0x00000000eab00000)
  object space 66048K, 12% used [0x00000000c0000000,0x00000000c085b540,0x00000000c4080000)
 Metaspace       used 26796K, capacity 27544K, committed 27904K, reserved 1073152K
  class space    used 3533K, capacity 3775K, committed 3840K, reserved 1048576K
}
Event: 5.786 GC heap before
{Heap before GC invocations=9 (full 1):
 PSYoungGen      total 105984K, used 105259K [0x00000000eab00000, 0x00000000f4700000, 0x0000000100000000)
  eden space 94208K, 100% used [0x00000000eab00000,0x00000000f0700000,0x00000000f0700000)
  from space 11776K, 93% used [0x00000000f0700000,0x00000000f11cad88,0x00000000f1280000)
  to   space 14336K, 0% used [0x00000000f3900000,0x00000000f3900000,0x00000000f4700000)
 ParOldGen       total 66048K, used 8557K [0x00000000c0000000, 0x00000000c4080000, 0x00000000eab00000)
  object space 66048K, 12% used [0x00000000c0000000,0x00000000c085b540,0x00000000c4080000)
 Metaspace       used 34162K, capacity 35148K, committed 35456K, reserved 1079296K
  class space    used 4588K, capacity 4908K, committed 4992K, reserved 1048576K
Event: 5.816 GC heap after
Heap after GC invocations=9 (full 1):
 PSYoungGen      total 141824K, used 14306K [0x00000000eab00000, 0x00000000f5200000, 0x0000000100000000)
  eden space 127488K, 0% used [0x00000000eab00000,0x00000000eab00000,0x00000000f2780000)
  from space 14336K, 99% used [0x00000000f3900000,0x00000000f46f8838,0x00000000f4700000)
  to   space 17920K, 0% used [0x00000000f2780000,0x00000000f2780000,0x00000000f3900000)
 ParOldGen       total 66048K, used 10780K [0x00000000c0000000, 0x00000000c4080000, 0x00000000eab00000)
  object space 66048K, 16% used [0x00000000c0000000,0x00000000c0a870d0,0x00000000c4080000)
 Metaspace       used 34162K, capacity 35148K, committed 35456K, reserved 1079296K
  class space    used 4588K, capacity 4908K, committed 4992K, reserved 1048576K
}
Event: 5.867 GC heap before
{Heap before GC invocations=10 (full 1):
 PSYoungGen      total 141824K, used 19294K [0x00000000eab00000, 0x00000000f5200000, 0x0000000100000000)
  eden space 127488K, 3% used [0x00000000eab00000,0x00000000eafdf330,0x00000000f2780000)
  from space 14336K, 99% used [0x00000000f3900000,0x00000000f46f8838,0x00000000f4700000)
  to   space 17920K, 0% used [0x00000000f2780000,0x00000000f2780000,0x00000000f3900000)
 ParOldGen       total 66048K, used 10780K [0x00000000c0000000, 0x00000000c4080000, 0x00000000eab00000)
  object space 66048K, 16% used [0x00000000c0000000,0x00000000c0a870d0,0x00000000c4080000)
 Metaspace       used 34272K, capacity 35256K, committed 35456K, reserved 1079296K
  class space    used 4592K, capacity 4942K, committed 4992K, reserved 1048576K
Event: 5.893 GC heap after
Heap after GC invocations=10 (full 1):
 PSYoungGen      total 145408K, used 11732K [0x00000000eab00000, 0x00000000f8b00000, 0x0000000100000000)
  eden space 127488K, 0% used [0x00000000eab00000,0x00000000eab00000,0x00000000f2780000)
  from space 17920K, 65% used [0x00000000f2780000,0x00000000f32f5070,0x00000000f3900000)
  to   space 18432K, 0% used [0x00000000f7900000,0x00000000f7900000,0x00000000f8b00000)
 ParOldGen       total 66048K, used 10788K [0x00000000c0000000, 0x00000000c4080000, 0x00000000eab00000)
  object space 66048K, 16% used [0x00000000c0000000,0x00000000c0a890d0,0x00000000c4080000)
 Metaspace       used 34272K, capacity 35256K, committed 35456K, reserved 1079296K
  class space    used 4592K, capacity 4942K, committed 4992K, reserved 1048576K
}
Event: 5.893 GC heap before
{Heap before GC invocations=11 (full 2):
 PSYoungGen      total 145408K, used 11732K [0x00000000eab00000, 0x00000000f8b00000, 0x0000000100000000)
  eden space 127488K, 0% used [0x00000000eab00000,0x00000000eab00000,0x00000000f2780000)
  from space 17920K, 65% used [0x00000000f2780000,0x00000000f32f5070,0x00000000f3900000)
  to   space 18432K, 0% used [0x00000000f7900000,0x00000000f7900000,0x00000000f8b00000)
 ParOldGen       total 66048K, used 10788K [0x00000000c0000000, 0x00000000c4080000, 0x00000000eab00000)
  object space 66048K, 16% used [0x00000000c0000000,0x00000000c0a890d0,0x00000000c4080000)
 Metaspace       used 34272K, capacity 35256K, committed 35456K, reserved 1079296K
  class space    used 4592K, capacity 4942K, committed 4992K, reserved 1048576K
Event: 5.971 GC heap after
Heap after GC invocations=11 (full 2):
 PSYoungGen      total 145408K, used 0K [0x00000000eab00000, 0x00000000f8b00000, 0x0000000100000000)
  eden space 127488K, 0% used [0x00000000eab00000,0x00000000eab00000,0x00000000f2780000)
  from space 17920K, 0% used [0x00000000f2780000,0x00000000f2780000,0x00000000f3900000)
  to   space 18432K, 0% used [0x00000000f7900000,0x00000000f7900000,0x00000000f8b00000)
 ParOldGen       total 84992K, used 17978K [0x00000000c0000000, 0x00000000c5300000, 0x00000000eab00000)
  object space 84992K, 21% used [0x00000000c0000000,0x00000000c118eba0,0x00000000c5300000)
 Metaspace       used 34246K, capacity 35142K, committed 35456K, reserved 1079296K
  class space    used 4586K, capacity 4908K, committed 4992K, reserved 1048576K
}
Event: 7.196 GC heap before
{Heap before GC invocations=12 (full 2):
 PSYoungGen      total 145408K, used 127488K [0x00000000eab00000, 0x00000000f8b00000, 0x0000000100000000)
  eden space 127488K, 100% used [0x00000000eab00000,0x00000000f2780000,0x00000000f2780000)
  from space 17920K, 0% used [0x00000000f2780000,0x00000000f2780000,0x00000000f3900000)
  to   space 18432K, 0% used [0x00000000f7900000,0x00000000f7900000,0x00000000f8b00000)
 ParOldGen       total 84992K, used 17978K [0x00000000c0000000, 0x00000000c5300000, 0x00000000eab00000)
  object space 84992K, 21% used [0x00000000c0000000,0x00000000c118eba0,0x00000000c5300000)
 Metaspace       used 38901K, capacity 39892K, committed 40064K, reserved 1083392K
  class space    used 5139K, capacity 5499K, committed 5504K, reserved 1048576K
Event: 7.218 GC heap after
Heap after GC invocations=12 (full 2):
 PSYoungGen      total 200704K, used 10671K [0x00000000eab00000, 0x00000000f8600000, 0x0000000100000000)
  eden space 187392K, 0% used [0x00000000eab00000,0x00000000eab00000,0x00000000f6200000)
  from space 13312K, 80% used [0x00000000f7900000,0x00000000f836bce8,0x00000000f8600000)
  to   space 18432K, 0% used [0x00000000f6200000,0x00000000f6200000,0x00000000f7400000)
 ParOldGen       total 84992K, used 17986K [0x00000000c0000000, 0x00000000c5300000, 0x00000000eab00000)
  object space 84992K, 21% used [0x00000000c0000000,0x00000000c1190ba0,0x00000000c5300000)
 Metaspace       used 38901K, capacity 39892K, committed 40064K, reserved 1083392K
  class space    used 5139K, capacity 5499K, committed 5504K, reserved 1048576K
}

